<?xml version="1.0" encoding="UTF-8"?>
<testsuite name="com.hello.CalculatorTest" tests="1" skipped="0" failures="0" errors="0" timestamp="2021-11-29T03:54:48" hostname="macbooks-mbp.lan" time="0.025">
  <properties/>
  <testcase name="givenFourAndThreeAddResponseShouldBeSeven()" classname="com.hello.CalculatorTest" time="0.025"/>
  <system-out><![CDATA[7
]]></system-out>
  <system-err><![CDATA[]]></system-err>
</testsuite>
