<?xml version="1.0" encoding="UTF-8"?>
<testsuite name="com.hello.HelloWorldTest" tests="1" skipped="0" failures="0" errors="0" timestamp="2021-11-29T03:36:32" hostname="macbooks-mbp.lan" time="0.016">
  <properties/>
  <testcase name="greetingTest()" classname="com.hello.HelloWorldTest" time="0.016"/>
  <system-out><![CDATA[]]></system-out>
  <system-err><![CDATA[]]></system-err>
</testsuite>
